<?xml version="1.0" encoding="UTF-8"?><testrun name="Runner" project="Tets.Automacao" tests="1" started="1" failures="0" errors="1" ignored="0">
  <testsuite name="executar.Runner" time="15.287">
    <testsuite name="Automatiza site Amazon" time="15.287">
      <testcase name="Procura por Mais vendido" classname="Automatiza site Amazon" time="15.287">
        <error>io.cucumber.java.PendingException: TODO: implement me&#13;
	at test.Steps.fecho_site(Steps.java:66)&#13;
	at âœ½.fecho site(file:///C:/Users/mathe/eclipse-workspace/automacaco/Tets.Automacao/src/test/resources/feature/bdd.feature:22)&#13;
&#13;
</error>
      </testcase>
    </testsuite>
  </testsuite>
</testrun>
