<?xml version="1.0" encoding="UTF-8"?><testrun name="Runner" project="Tets.Automacao" tests="1" started="1" failures="0" errors="1" ignored="0">
  <testsuite name="executar.Runner" time="12.602">
    <testsuite name="Automatiza site Amazon" time="12.602">
      <testcase name="Procura por Mais vendido" classname="Automatiza site Amazon" time="12.602">
        <error>io.cucumber.java.PendingException: TODO: implement me&#13;
	at test.Steps.achar_o_produto_valido_ele(Steps.java:61)&#13;
	at âœ½.achar o produto valido ele(file:///C:/Users/mathe/eclipse-workspace/automacaco/Tets.Automacao/src/test/resources/feature/bdd.feature:21)&#13;
&#13;
</error>
      </testcase>
    </testsuite>
  </testsuite>
</testrun>
